# USAGE: the intent of this file is to keep track of current
# regressions and to keep notes about why they are failing.  We start
# with general regressions that are seen across a wide variety of
# platforms, and then move onto linux64 regressions since those are
# our main development platform.  Other platforms/settings that are
# currently causing regressions are listed afterwards in some
# approximation to priority order.  Formatting for each entry can be
# loose, but should roughly follow the format of brief note on why the
# test is failing followed by a list of tests that are failing for
# that reason.  If someone owns a particular regression, their name
# can be added to the description as well.



ARGGH!! MADE A LOT OF UPDATES RELATED TO 3/28/12 OR SO BUT REVERTED THEM
NEED TO RECREATE


===========================================================
general regressions (seem to happen in most configurations)
===========================================================


========================================================================
general nondeterministic regressions (could happen in any configuration)
========================================================================

nondet. sub_test early error exit issue
---------------------------------------
(02/18/12, 04/06/12 x 4)

test needs epsilon comparison?
------------------------------
[Error matching program output for types/sync/sungeun/basicUpdate] (04/06/12, 04/07/12, 04/08/12, 04/09/12)

nondet. numerical accuracy issue (?)
------------------------------------
[Error matching program output for studies/lulesh/sungeun/lulesh (compopts: 1)] (01/20/12, 02/12/12, 02/19/12, 02/24/12, 03/04/12, 03/23/12, 03/25/12)

[Error matching program output for studies/shootout/spectral-norm/spectralnorm] (very regularly fails)


RA fails to match sometimes
---------------------------
[Error matching program output for studies/hpcc/RA/bradc/parallel/ra-dist (compopts: 1)] (01/18/12)

nondet. race on output
----------------------
[Error matching program output for release/examples/primers/taskParallel]

nondet. bad output
------------------
[Error matching program output for studies/dijkstra/driverEdgeBtw] (04/12/11, 04/17/11)


==============================================
linux64 regressions (in addition to the above)
==============================================

nondet. compilation timeout
---------------------------
[Error: Timed out compilation for distributions/robust/arithmetic/modules/test_module_Search] (04/06/12)
[Error: Timed out compilation for trivial/deitz/test_uint] (02/18/12)
[Error: Timed out compilation for functions/iterators/angeles/checkAdvancedIters/checkAdaptiveWSIter(--fast --cc-warnings -smethodStealing=1 )] (10/09/11)

==============================================
linux32 regressions (in addition to the above)
==============================================

For gasnet only:

   error: inlining failed in call to 'atomic_fetch_add_explicit_int_least64_t': call is unlikely and code size would grow

[Error matching compiler output for release/examples/benchmarks/ssca2/SSCA2_main
 (compopts: 1)]
[Error matching compiler output for release/examples/benchmarks/ssca2/SSCA2_main
 (compopts: 2)]
[Error matching compiler output for release/examples/benchmarks/ssca2/SSCA2_main
 (compopts: 3)]
[Error matching compiler output for release/examples/benchmarks/ssca2/SSCA2_main
 (compopts: 4)]
[Error matching compiler output for release/examples/benchmarks/ssca2/SSCA2_main
 (compopts: 5)]


================================
performance-specific regressions
================================

execution timeouts (08/29/09)
-----------------------------
[Error: Timed out executing program studies/shootout/nbody/nbody_iterator_7 (compopts: 1)]
[Error: Timed out executing program studies/shootout/nbody/nbody_rangesub_5 (compopts: 1)]
[Error: Timed out executing program studies/shootout/nbody/nbody_reductions_6 (compopts: 1)]
[Error: Timed out executing program studies/shootout/nbody/nbody_vector_4 (compopts: 1)]


========================
memory leaks regressions
========================


=============================
valgrind-specific regressions
=============================

overlapping memcpy (root cause should be eliminated)
----------------------------------------------------
[Error matching program output for io/bradc/readWholeArr]
[Error matching program output for io/ferguson/readThis/readarr]
[Error matching program output for users/ferguson/bulkerr]

random failures due to being out of memory (on purpose)
-------------------------------------------------------
Consider disabling this test for valgrind:
[Error matching compiler output for memory/shannon/outofmemory/mallocOutOfMemory]

stack overflow
--------------
[Error matching program output for parallel/cobegin/gbt/cobegin-stacksize]

chpldoc invalid reads during compilation
----------------------------------------
NOTE: This is not a problem with chpldocs (should file a separate future)
There is an intermittent compile-time segfault during cullOverReferences. The
type of Bar.super is at least partially corrupt at that point.

[Error matching program output for release/examples/primers/chpldoc (compopts: 1)] (8/28/2012) (9/07/2012) (9/11/2012)

====================
no-local regressions
====================

nondet. compilation timeout
---------------------------
[Error: Timed out compilation for users/ferguson/histogram/reductionex] (04/07/12)
[Error: Timed out compilation for types/tuple/bradc/returnTuple] (12/11/11)
[Error: Timed out compilation for studies/ssca2/sungeun/SSCA2_test (compopts: 1)] (02/17/12)
[Error: Timed out compilation for studies/ssca2/sungeun/SSCA2_test (compopts: 2)] (02/17/12)
[Error: Timed out compilation for studies/ssca2/sungeun/SSCA2_test (compopts: 5)] (02/16/12)
[Error: Timed out compilation for studies/ssca2/sungeun/SSCA2_test (compopts: 6)] (02/16/12, 02/18/12)

strings for path names are garbled in error messages (11/10/11)
---------------------------------------------------------------
[Error matching program output for types/file/freadIntFailed]
[Error matching program output for types/file/fwriteIntFailed]

never worked with --no-local (10/04/11)
---------------------------------------
[Error matching program output for distributions/robust/arithmetic/optimizations/optimizeOnClauses_basic]
[Error matching program output for distributions/robust/arithmetic/optimizations/optimizeOnClauses_basic_record]
[Error matching program output for distributions/robust/arithmetic/optimizations/optimizeOnClauses_basic_tuple]

nondet. index not in domain
---------------------------
[Error matching program output for domains/sungeun/assoc/minus_equals (--cc-warnings --no-local -sparSafe=true) (1-0)] (06/14/11, 11/19/11, 12/03/11, 12/09/11, 01/15/12, 04/03/12)
[Error matching program output for domains/sungeun/assoc/index_not_in_domain_1 (01/14/12)

nondet. out-of-memory error
---------------------------
[Error matching program output for stress/deitz/test_10k_begins] (10/06/11, 10/09/11, 10/16/11, 10/18/11)

nondet. execution timeout
-------------------------
[Error: Timed out executing program studies/cholesky/jglewis/test_cholesky] (09/30/11)
[Error: Timed out executing program studies/cholesky/jglewis/version2/performance/test_cholesky_performance] (10/28/11, 11/06/11, 12/10/11, 12/15/11, 01/05/12, 01/15/12, 01/18/12, 02/15/12)

internal error SYM0172 (02/09/10)
---------------------------------
[Error matching compiler output for arrays/deitz/part4/test_array_type_alias]
[Error matching compiler output for arrays/jplevyak/simple-4]

illegal use of on in serial iterator error (02/06/10)
-----------------------------------------------------
[Error matching compiler output for users/shetag/iteratorWithOn]

not freeing heap-allocated globals (08/29/09)
---------------------------------------------
[Error matching program output for classes/figueroa/RecordDestructor1]

memory stuff in flux (05/28/09)
-------------------------------
[Error matching program output for memory/shannon/memstatPrint]
[Error matching program output for memory/shannon/printFinalMemStat]

nondet. seg fault (?)
---------------------
[Error matching program output for parallel/cobegin/deitz/test_big_recursive_cobegin] (02/10/12)


====================================================
gasnet-everything regressions (other than the above)
====================================================

comm diagnostics off (04/07/12)
-------------------------------
[Error matching program output for studies/ssca2/performance/SSCA2_commDiags (compopts: 1)] (started in testing on 8/23/2012)
[Error matching program output for distributions/robust/arithmetic/performance/reduce]
[Error matching program output for parallel/taskPar/sungeun/barrier/commDiags]

error: halt reached - cannot write the _ddata class
---------------------------------------------------
[Error matching program output for distributions/deitz/test_block_representation (compopts: 1)] (started in testing on 8/23/2012)

nondet. comm diagnostics counts?
--------------------------------
[Error matching program output for parallel/taskPar/sungeun/barrier/commDiags] (04/05/12)

nondet. execution timeout since changing robustness to block
------------------------------------------------------------
[Error: Timed out executing program distributions/robust/arithmetic/slicing/test_array_slicing3] (03/10/12, 04/09/12)
[Error: Timed out executing program distributions/robust/arithmetic/stress/test_many_array] (03/31/12, 04/01/12)
[Error: Timed out executing program distributions/robust/arithmetic/modules/test_module_Norm] (04/02/12)

timing out since changing robustness distribution to block (03/09/12)
---------------------------------------------------------------------
[Error: Timed out executing program distributions/robust/arithmetic/kernels/hpl (compopts: 1)]
[Error: Timed out executing program distributions/robust/arithmetic/kernels/jacobi]
[Error: Timed out executing program distributions/robust/arithmetic/modules/test_module_Sort]
[Error: Timed out executing program distributions/robust/arithmetic/stress/test_many_domains]

times out (12/20/11)
--------------------
[Error: Timed out executing program parallel/begin/sungeun/captureAppearsToWork]

BSD Source redefined (???)
--------------------------
[Error matching compiler output for extern/bradc/extern_string_test-remote (compopts: 1)]

nondet. seg fault at execution time
-----------------------------------
[Error matching compiler output for studies/uts/uts_rec_seq]  (11/02/11, 11/04/11)
[Error matching compiler output for studies/uts/uts_deq_seq] (11/07/11)

nondet. compilation timeout
---------------------------
[Error: Timed out compilation for studies/shootout/pidigits/bradc/pidigits-blc] (10/09/11)

det. compilation timeout
------------------------
[Error: Timed out compilation for multilocale/diten/needMultiLocales/coforallon_maxThreads] (from 9/18/12 on, except 9/19, 9/26)


nondet. execution timeout
-------------------------
[Error: Timed out executing program users/franzf/v1/chpl/main (compopts: 1)] (02/09/12, 02/15/12)
[Error: Timed out executing program distributions/nelson/MultiBlockDist2DLocales] (12/14/11, 12/19/11, 01/03/12, 01/09/12, 01/13/12, 02/18/12, 02/24/12, 02/27/12, 03/03/12)
[Error: Timed out executing program studies/hpcc/HPL/vass/hpl] (11/16/11, 11/23/11, 11/25/11, 11/27/11, 11/29/11)
[Error: Timed out executing program multilocale/diten/needMultiLocales/coforallon_maxThreads] (10/13/11, 11/01/11, 02/26/12, 02/28/12, 02/29/12, 03/10/12)
[Error: Timed out executing program studies/sudoku/dinan/sudoku] (10/02/11)
[Error: Timed out executing program studies/madness/aniruddha/madchap/test_diff] (11/14/11, 12/20/11, 01/13/12, 02/24/12, 03/08/12, 03/12/12, 03/17/12, 04/04/12, 04/05/12)
[Error: Timed out executing program studies/madness/aniruddha/madchap/test_gaxpy] (12/20/11, 12/23/11, 12/26/11, 12/30/11, 01/13/12, 01/15/12, 01/24/12, 01/29/12, 01/31/12, 02/03/12, 02/05/12, 02/09/12, 02/14/12, 02/20/12, 02/27/12, 03/01/12, 03/07/12, 03/10/12, 03/12/12, 03/16/12, 04/03/12, 04/06/12, 04/08/12), 04/09/12
[Error: Timed out executing program studies/madness/aniruddha/madchap/test_likepy] (10/05/11, 10/08/11, 10/12/11, 11/02/11, 11/05/11, 11/12/11, 11/15/11, 11/19/11, 11/22/11, 12/04/11, 12/09/11, 01/05/12, 01/07/12, 01/13/12, 01/24/12, 02/05/12, 02/07/12, 02/17/12, 02/27/12, 02/29/12, 03/10/12, 04/03/12, 04/04/12, 04/08/12, 04/09/12)
[Error: Timed out executing program studies/madness/aniruddha/madchap/test_showboxes] (01/18/12, 01/29/12, 03/05/12, 03/18/12, 04/02/12)
[Error: Timed out executing program studies/madness/aniruddha/madchap/mytests/par-reconstruct/test_reconstruct (compopts: 1)] (10/11/11, 10/25/11, 10/28/11, 11/06/11, 11/22/11, 11/25/11, 11/28/11, 12/03/11, 12/14/11, 12/20/11, 12/24/11, 12/26/11, 01/01/12, 01/06/12, 01/09/12, 01/17/12, 01/19/12, 01/26/12, 02/01/12, 02/09/12, 02/12/12, 02/19/12, 02/21/12, 02/24/12, 02/27/12, 03/03/12, 03/09/12, 03/14/12, 03/18/12)
[Error: Timed out executing program studies/madness/aniruddha/madchap/test_mul] (01/06/12, 01/13/12, 04/03/12, 04/09/12)

memory stuff
------------
[Error matching program output for memory/shannon/memstatPrint]

verbose output now shows launch command (10/31/08)
--------------------------------------------------
[Error matching program output for multilocale/numLocales/bradc/testVFlag]
[Error matching program output for multilocale/numLocales/bradc/testVerboseFlag]


==============================================
gasnet-fast regressions (other than the above)
==============================================

nondet. execution timeout
-------------------------
[Error: Timed out executing program users/shetag/assoc] (03/17/12)
[Error: Timed out executing program studies/cholesky/jglewis/version2/performance/test_cholesky_performance (compopts: 1)] (03/16/12)
[Error: Timed out executing program studies/madness/aniruddha/madchap/test_gaxpy] (03/16/12)
[Error: Timed out executing program users/weili/raiseType3-blc2] (03/16/12)
[Error: Timed out executing program users/wmikanik/domain64] (03/16/12)
[Error: Timed out executing program users/thom/initArrOfClasses] (03/14/12)
[Error: Timed out executing program users/vass/sgn-1] (03/14/12)
[Error: Timed out executing program types/file/fwritelnComplexFile]
[Error: Timed out executing program types/range/bradc/degenRange]

too many threads error (~01/13/12)
----------------------------------
[Error matching program output for distributions/bradc/extremeBlock]


=======================
tcmalloc-specific tests
=======================

nondet. timeout since converting robustness tests to use Block
--------------------------------------------------------------
[Error: Timed out executing program distributions/robust/arithmetic/basics/test_array_of_distributed_array2] (03/15/12)
[Error: Timed out executing program distributions/robust/arithmetic/kernels/hpl (compopts: 1)] (03/15/12, 03/26/12)
[Error: Timed out executing program distributions/robust/arithmetic/kernels/jacobi] (03/15/12, 03/26/12)
[Error: Timed out executing program distributions/robust/arithmetic/reindexing/test_reindexing4] (03/15/12)
[Error: Timed out executing program distributions/robust/arithmetic/slicing/test_array_slicing3] (03/15/12, 04/05/12)
[Error: Timed out executing program distributions/robust/arithmetic/stress/test_many_array] (03/15/12, 03/26/12, 04/02/12)
[Error: Timed out executing program distributions/robust/arithmetic/stress/test_many_domains] (03/15/12, 03/26/12, 04/02/12)


nondet. wrong result
--------------------
[Error matching program output for multilocale/deitz/needMultiLocales/dist/test_private_space] (03/01/12)

nondet. execution timeout
-------------------------
[Error: Timed out executing program distributions/bradc/blkCyc/blkCyc2d (compopts: 1)] (02/13/12)
[Error: Timed out executing program distributions/bradc/blkCyc/weirdcase] (02/13/12)
[Error: Timed out executing program distributions/dm/t8] (02/13/12)
[Error: Timed out executing program distributions/nelson/MultiBlockDist2DLocales] (02/13/12)


==============================
block distribution regressions
==============================


===============================
cyclic distribution regressions
===============================


================================
darwin-/mac-specific regressions
================================

ptr-to-ssize_t/ptr-to-int32_t warnings
--------------------------------------
[Error matching compiler output for release/examples/primers/fileIO]
[Error matching program output for studies/amr/advection/amr/AMR_AdvectionCTU_driver]
[Error matching program output for studies/amr/advection/grid/Grid_AdvectionCTU_driver]
[Error matching program output for studies/amr/advection/level/Level_AdvectionCTU_driver]
[Error matching program output for studies/amr/diffusion/grid/Grid_DiffusionBE_driver]
[Error matching program output for studies/amr/diffusion/level/Level_DiffusionBE_driver]

maybe we can remove these suppressions for Mac now?
---------------------------------------------------
[Error: did not find expected suppression execflags/bradc/gdbddash/declint2]
[Error: did not find expected suppression execflags/bradc/gdbddash/gdbSetConfig]

??? (ever since checked in -- may now be fixed but regressions haven't run?)
----------------------------------------------------------------------------
[Error matching program output for studies/graph500/v1/main]

??? (ever since checked in)
---------------------------
[Error matching compiler output for studies/shootout/chameneos-redux/chameneos-redux-cas]

??? (06/23/10)
--------------
[Error matching compiler output for parallel/taskPool/figueroa/TooManyThreads]

gdb output differences
----------------------
[Error matching program output for execflags/bradc/gdbddash/declint]
[Error matching program output for execflags/bradc/gdbddash/declint2]
[Error matching program output for execflags/bradc/gdbddash/gdbSetConfig]

chpldoc sorting differences
---------------------------
[Error matching program output for chpldoc/compflags/alphabetical/alphabetized]
[Error matching compiler output for chpldoc/compflags/alphabetical/alphabetized]


======================================
chpbld02 (PrgEnv test system) failures
======================================

timeout (12/23/11)
------------------
[Error: Timed out executing program parallel/begin/sungeun/captureAppearsToWork]

nondet. precision issues
------------------------
[Error matching program output for studies/shootout/spectral-norm/spectralnorm] (10/24/11, 11/1/11, 11/2/11, 11/17/11, 11/26/11, 12/12/11, 12/23/11, 01/13/12, 01/14/12, 01/28/12, 01/29/12, 02/06/12, 02/10/12, 02/25/12, 02/28/12, 03/02/12, 03/10/12, 03/18/12, 04/08/12)

nondet. compilation timeout
---------------------------
[Error: Timed out compilation for studies/sudoku/dinan/sudoku-simple] (11/26/11, 12/31/11)

nondet. failure
---------------
[Error matching program output for parallel/cobegin/diten/cobeginRace] (10/13/11, 10/26/11, 11/02/11, 11/14/11, 11/19/11, 11/24/11, 11/24/11)

countMemory prediff script doesn't get ".0" correct for round numbers
---------------------------------------------------------------------
[Error matching program output for modules/standard/memory/countMemory/countMemory]

gets "that wasn't very random looking" failure
------------------------------------------------------------------------------
[Error matching program output for modules/standard/Random/diten/testRandomSeed] (first mentioned 09/26/11; still observed intermittently on chpbld02 in 8'2012 and 9'2012)

nondet. execution timeouts
--------------------------
[Error: Timed out executing program distributions/robust/associative/stress/many_domain] (10/20/11, 10/24/11, 11/25/11)
[Error: Timed out executing program studies/cholesky/jglewis/test_cholesky] (10/20/11, 10/12/11, 10/14/11, 10/24/11, 10/26/11, 11/01/11, 11/14/11, 11/18/11, 12/05/11)
[Error: Timed out executing program studies/cholesky/jglewis/version2/standard_cholesky/test_standard_cholesky] (10/27/11, 11/21/11, 12/31/11, 01/06/12)


===================================================
xt-cle-specific failures (in addition to the above)
===================================================

diff seems to think output file is binary? (09/26/11 -- first run in ages)
--------------------------------------------------------------------------
[Error matching program output for compflags/bradc/html/testit]

nondet. timeout failure
-----------------------
[Error matching program output for parallel/cobegin/diten/cobeginRace] (09/26/11, 12/08/11)


=====================================
cray-xt-cray/cce-specific regressions
=====================================

internal failure EXP0192 in IO.chpl when CCE used to compile the compiler
-------------------------------------------------------------------------
[Error matching compiler output for release/examples/hello2-module]
[Error matching compiler output for release/examples/spec/Expressions/string-concat]
[Error matching compiler output for release/examples/spec/Ranges/alignedHigh]
[Error matching compiler output for release/examples/spec/Ranges/rangeVariable]
[Error matching compiler output for release/examples/spec/Tuples/expansion-2]
[Error matching compiler output for release/examples/spec/Task_Parallelism_and_Synchronization/serialStmt2]
[Error matching compiler output for release/examples/spec/Task_Parallelism_and_Synchronization/beginUnordered]
[Error matching compiler output for release/examples/spec/Task_Parallelism_and_Synchronization/syncMethods]
[Error matching compiler output for release/examples/spec/Task_Parallelism_and_Synchronization/syncCounter]
[Error matching compiler output for release/examples/spec/Modules/two-modules]
[Error matching compiler output for release/examples/spec/Variables/config-param]

seg fault (04/06/12 -- though may have been around for awhile and masked)
-------------------------------------------------------------------------
[Error matching compiler output for release/examples/primers/genericClasses]

nondet. internal failure in compiling DefaultRectangular
--------------------------------------------------------
[Error matching compiler output for release/examples/benchmarks/hpcc/variants/stream-promoted] (04/06/12)
[Error matching compiler output for release/examples/spec/Generics/query] (03/31/12)

value is outside of the int range in C compilation (03/??/12)
-------------------------------------------------------------
[Error matching compiler output for types/enum/ferguson/enum_mintype_test]

nondet. "unable to obtain license" errors
-----------------------------------------
***arbitrary tests*** (02/18/12 on chpbld02, 03/17/12 on chpbld02)

??? (01/28/12)
--------------
[Error matching program output for io/ferguson/easybits]

nondet. compilation timeout (01/04/11)
--------------------------------------
[Error: Timed out compilation for studies/graph500/v2/main (compopts: 1)]

new unreachable loop warning (05/29/11)
---------------------------------------
[Error matching program output for arrays/deitz/jacobi-unoptimized (compopts: 1)]

wrong result due to reliance on wraparound in signed integers in test itself
----------------------------------------------------------------------------
[Error matching program output for expressions/bradc/uminusVsTimesPrec]

assertion failure -- filed as bug against CCE compiler (since QIO committed)
----------------------------------------------------------------------------
[Error matching program output for release/examples/primers/fileIO]

error differs but within acceptable margin; should squash error printing
------------------------------------------------------------------------
[Error matching program output for studies/hpcc/FFT/marybeth/fft]

precision issues (?) -- is there a floating point flag we need to throw?
------------------------------------------------------------------------
[Error matching program output for studies/madness/aniruddha/madchap/mytests/par-reconstruct/test_reconstruct (compopts: 1)]
[Error matching program output for studies/madness/aniruddha/madchap/test_diff]
[Error matching program output for studies/madness/aniruddha/madchap/test_gaxpy]
[Error matching program output for studies/madness/aniruddha/madchap/test_likepy]
[Error matching program output for studies/madness/common/test_diff]
[Error matching program output for studies/madness/common/test_gaxpy]
[Error matching program output for studies/madness/common/test_likepy]
[Error matching program output for studies/madness/dinan/mad_chapel/test_diff]
[Error matching program output for studies/madness/dinan/mad_chapel/test_gaxpy]

nondet. compilation issue
-------------------------
[Error: Timed out compilation for studies/amr/advection/amr/AMR_AdvectionCTU_driver] (12/14/11)

compilation timeouts (10/19/11)
-------------------------------
[Error: Timed out compilation for distributions/dm/t5a]

compiler timeouts
-----------------
[Error: Timed out compilation for sparse/parallel/sparse-iter-dom-arr-zipper]
[Error: Timed out compilation for studies/madness/dinan/mad_chapel/test_likepy]


=============================================================
pgi-specific regressions (in addition to xt-cle errors above)
=============================================================

Weird stack overflow error from the C runtime:

  Error: in routine alloca() there is a
  stack overflow: thread 0, max 8180KB, used 3KB, request 16B

This happens for many programs including simple ones like
hello4-datapar-dist and hello5-taskpar.

Brad sent out mail to xt-users and PGI regarding this issue, but no
response.

floating point overflow warning in generated code (03/12/11, 9/14/12)
---------------------------------------------------------------------
Could be intermittent, so I put it in the TRIAGE file also
[Error matching program output for studies/dijkstra/driverEdgeBtw]


some sort of gdb compatability issue?
-------------------------------------
[Error matching program output for execflags/bradc/gdbddash/declint2]

floating point overflow warning in generated code (03/12/11)
------------------------------------------------------------
[Error matching program output for studies/dijkstra/driverEdgeBtw]

Numerical accuracy issues (started 05/24/08)
--------------------------------------------
[Error matching program output for studies/madness/aniruddha/madchap/test_diff]
[Error matching program output for studies/madness/aniruddha/madchap/test_likepy]
[Error matching program output for studies/madness/common/test_diff]
[Error matching program output for studies/madness/common/test_likepy]
[Error matching program output for studies/madness/dinan/mad_chapel/test_diff]
[Error matching program output for studies/madness/dinan/mad_chapel/test_likepy]

negative floating point 0.0 not supported
-----------------------------------------
[Error matching program output for types/complex/bradc/negateimaginary3] 
[Error matching program output for types/complex/bradc/negativeimaginaryliteral] 

==================================================================
xt-intel-specific regressions (in addition to xt-cle errors above)
==================================================================

runtime assertion (started 10/15/12)
------------------------------------
[Error matching program output for io/ferguson/io_test]


alignment mismatch in output (04/08/12)
---------------------------------------
[Error matching program output for types/range/hilde/align]

nondet. exec. timeout
---------------------
[Error: Timed out executing program studies/sudoku/dinan/sudoku] (02/06/1, 03/11/122

nondet.(?) 'GLIBC_2.10 not found' issue? (~01/13/12)
----------------------------------------------------
[Error matching program output for studies/ssca2/sungeun/SSCA2_main (compopts: 1)]
[Error matching program output for users/ferguson/histogram/reductionex]
[Error matching program output for users/ferguson/histogram/reductionex_class2]
[Error matching program output for users/ferguson/histogram/reductionex_module]
[Error matching program output for users/ferguson/histogram/reductionex_module2]
[Error matching program output for users/ferguson/histogram/reductionex_record2]
[Error matching program output for users/ferguson/histogram/reductionex_record_class]

nondet. compilation timeout
---------------------------
[Error: Timed out compilation for release/examples/benchmarks/ssca2/SSCA2_main (compopts: 1)] (12/05/11, 12/07/11, 12/10/11, 12/13/11, 12/17/11, 12/26/11, 12/29/11, 01/02/12)

nondet. execution timeout
-------------------------
[Error matching program output for release/examples/benchmarks/ssca2/SSCA2_main (compopts: 1, execopts: 1)] (12/25/11, 12/26/11, 12/28/11, 01/01/12)

execution timeout (11/19/11)
----------------------------
[Error: Timed out executing program parallel/taskPool/figueroa/TooManyThreads]

NaN printing out as -nan (11/17/11 -- new icc version?)
-------------------------------------------------------
[Error matching program output for modules/standard/math/acosh_out_of_range]
[Error matching program output for modules/standard/math/atanh_out_of_range]
[Error matching program output for types/complex/marybeth/complex_expressions]

execution timeout (11/17/11 -- new icc version?)
------------------------------------------------
[Error: Timed out executing program studies/hpcc/HPL/stonea/serial/hplExample2]

compilation timeouts (11/12/11)
-------------------------------
[Error: Timed out compilation for npb/cg/bradc/cg-sparse (compopts: 1)]
[Error: Timed out compilation for performance/compiler/bradc/cg-sparse-timecomp]
[Error: Timed out compilation for studies/ssca2/atomic/SSCA2_main_atomic]

new file I/O problem due to unicode literal (11/10/11)
------------------------------------------------------
[Error matching compiler output for unicode/print_euro]

problem with static/dynamic linking? (10/1/11 -- first run)
-----------------------------------------------------------
[Error matching compiler output for link/sungeun/static_dynamic (--cc-warnings --dynamic --static)]
[Error matching compiler output for link/sungeun/static_dynamic (--cc-warnings --static)]
[Error matching compiler output for link/sungeun/static_dynamic (--cc-warnings --static --dynamic --static)]


========================
xt-gnu specific failures
========================


========================
cygwin-specific failures
========================

nondet. execution failure
-------------------------
[Error matching program output for release/examples/hello3-datapar] (06/24/11)
[Error matching program output for release/examples/hello4-datapar-dist] (10/21/11)

undiagnosed problems that started showing up 10/14/10 after lack of testing
---------------------------------------------------------------------------
[Error matching compiler output for parallel/taskPool/figueroa/TooManyThreads]
[Error matching program output for distributions/robust/associative/stress/many_domain]
[Error matching program output for modules/standard/Random/diten/testRandomSeed]
[Error matching program output for parallel/cobegin/gbt/cobegin-stacksize]
[Error matching program output for studies/hpcc/PTRANS/PTRANS]
[Error matching program output for studies/shootout/fannkuch-redux/fannkuch-redux  --N=10 (--cc-warnings  ) (0-2)]

pthread_cond_init failure => cannot rm binary
---------------------------------------------
[Error matching program output for npb/cg/bradc/cg-sparse]
[Error matching program output for performance/compiler/bradc/cg-sparse-timecomp]
[Error matching program output for studies/sudoku/dinan/sudoku]

print occurs in 0 seconds!?  Timers not working?
------------------------------------------------
[Error matching program output for spec/marybeth/use]

sig_send: wait for sig_complete event failed
--------------------------------------------
[Error matching program output for studies/madness/aniruddha/madchap/test_likepy]
[Error matching program output for studies/madness/common/test_likepy]
[Error matching program output for studies/madness/dinan/mad_chapel/test_likepy]
[Error matching program output for users/jglewis/badGetModule]


====================
nanox-specific tests
====================

new test times out in Nanos++ (04/05/12)
----------------------------------------
[Error: Timed out executing program release/examples/primers/atomics]

new file I/O times out in I/O test (11/10/11)
---------------------------------------------
[Error: Timed out executing program release/examples/primers/fileIO]

nondet. core dump
-----------------
[Error matching program output for release/examples/primers/syncsingle] (11/06/11, 11/09/11)
[Error matching program output for release/examples/primers/taskParallel] (10/13/11, 10/19/11)

nondet. incorrect output
------------------------
[Error matching program output for release/examples/spec/Task_Parallelism_and_Synchronization/singleVar] (10/14/11, 10/21/11, 10/23/11, 10/27/11, 10/30/11, 11/02/11, 11/05/11, 11/11/11, 11/14/11, 11/16/11, 11/21/11, 01/06/12, 01/08/12, 01/26/12, 02/15/12, 02/24/12, 03/01/12, 03/03/12, 03/16/12, 03/18/12, 03/21/12, 03/23/12, 03/27/12, 03/30/12)
[Error matching program output for
[Error matching program output for release/examples/spec/Task_Parallelism_and_Synchronization/serialStmt2] (09/30/11, 10/25/11, 10/29/11, 11/03/11, 01/11/12)

nondet. execution timeouts
--------------------------
[Error: Timed out executing program release/examples/spec/Task_Parallelism_and_Synchronization/singleVar] (02/10/12, 02/12/12, 03/07/12, 04/08/12)
[Error: Timed out executing program release/examples/benchmarks/ssca2/SSCA2_main (compopts: 1, execopts: 1)] (12/02/11, 12/04/11, 12/07/11, 12/09/11, 12/12/11, 12/14/11, 12/18/11, 12/21/11, 12/23/11, 12/27/11, 12/30/11, 01/02/12, 01/05/12, 01/11/12, 01/13/12, 01/14/12, 01/17/12, 01/20/12, 01/22/12, 01/30/12, 02/06/12, 02/08/12, 02/11/12, 02/14/12, 02/16/12, 02/21/12, 03/02/12, 03/06/12, 03/12/12, 03/17/12, 03/21/12, 03/25/12, 04/05/12)
[Error: Timed out executing program release/examples/benchmarks/ssca2/SSCA2_main (compopts: 2, execopts: 1)] (most of the time up until 03/30/12, 04/05/12)
[Error: Timed out executing program release/examples/benchmarks/ssca2/SSCA2_main (compopts: 3, execopts: 1)] (01/30/12, 02/17/12, 03/08/12, 03/20/12, 04/05/12)
[Error: Timed out executing program release/examples/benchmarks/ssca2/SSCA2_main (compopts: 4, execopts: 1)] (12/02/11, 12/04/11, 12/06/11, 12/08/11, 12/11/11, 12/14/11, 12/22/11, 12/24/11, 12/27/11, 12/29/11, 01/01/12, 01/03/12, 01/06/12, 01/12/12, 01/13/12, 01/23/12, 01/26/12, 02/02/12, 02/11/12, 02/16/12, 02/22/12, 02/28/12, 03/05/12, 03/09/12, 03/11/12, 03/15/12, 03/17/12, 03/20/12, 03/22/12, 03/26/12, 03/28/12, 04/02/12, 04/05/12)
[Error: Timed out executing program release/examples/benchmarks/ssca2/SSCA2_main (compopts: 5, execopts: 1)] (12/02/11, 12/04/11, 12/09/11, 12/16/11, 12/23/11, 12/27/11, 01/01/12, 01/05/12, 01/09/12, 01/11/12, 01/13/12, 01/25/12, 02/04/12, 02/15/12, 02/21/12, 02/23/12, 02/25/12, 03/02/12, 03/11/12, 03/24/12, 03/27/12, 04/05/12, 04/08/12)
[Error: Timed out executing program release/examples/primers/syncsingle] (10/15/11, 10/17/11, 10/23/11, 10/30/11, 11/1/11, 11/3/11, 11/06/11, 11/08/11)
[Error: Timed out executing program release/examples/spec/Task_Parallelism_and_Synchronization/serialStmt2] (09/26/11, 10/23/11, 11/1/11)
[Error: Timed out executing program release/examples/primers/taskParallel] (10/06/11, 10/16/11, 10/25/11, 10/28/11, 11/04/11)

execution timeouts (ever since switching to 4 shepherds)
--------------------------------------------------------


===========================
nanox+gasnet-specific tests
===========================

incorrect comm counts when not timing out (03/26/12)
----------------------------------------------------
[Error: Timed out executing program distributions/robust/arithmetic/performance/reduceAlias]
[Error matching program output for distributions/robust/arithmetic/performance/reduce]


nondet. timeouts since switching robustness tests to use block
--------------------------------------------------------------
[Error: Timed out executing program distributions/dm/s7] (04/05/12)
[Error: Timed out executing program distributions/robust/arithmetic/basics/test_promotion1] (03/09/12, 03/23/12, 04/03/12, 04/05,12)
[Error: Timed out executing program distributions/robust/arithmetic/basics/test_reduce1] (03/09/12, 04/05,12)
[Error: Timed out executing program distributions/robust/arithmetic/kernels/hpl (compopts: 1)] (03/09/12, 03/30/12, 04/05,12)
[Error: Timed out executing program distributions/robust/arithmetic/kernels/jacobi] (03/09/12, 04/05,12)
[Error: Timed out executing program distributions/robust/arithmetic/modules/test_module_Norm] (03/09/12, 04/05,12)
[Error: Timed out executing program distributions/robust/arithmetic/modules/test_module_Sort] (03/09/12, 04/05,12)
[Error: Timed out executing program distributions/robust/arithmetic/performance/reduceAlias] (03/10/12, 03/16/12, 03/27/12, 04/05,12)
[Error: Timed out executing program distributions/robust/arithmetic/performance/reduceSlice] (03/10/12, 03/16/12, 04/05,12)
[Error: Timed out executing program distributions/robust/arithmetic/performance/reduce] (03/10/12, 03/16/12, 04/05,12)
[Error: Timed out executing program distributions/robust/arithmetic/slicing/test_array_slicing3] (03/09/12, 04/05,12)
[Error: Timed out executing program distributions/robust/arithmetic/stress/test_many_array] (03/09/12, 04/05,12)
[Error: Timed out executing program distributions/robust/arithmetic/stress/test_many_domains] (03/09/12, 04/05,12)
[Error: Timed out executing program multilocale/diten/needMultiLocales/coforallon_maxThreads] (03/10/12, 03/14/12, 03/16/12, 03/26/12, 04/05/12)


[Error: Timed out executing program distributions/robust/arithmetic/kernels/stream] (03/10/12, 03/13/12, 03/22/12, 04/08/12)
[Error: Timed out executing program release/examples/benchmarks/hpcc/variants/ra-cleanloop (compopts: 1)] (03/10/12, 03/16/12)
[Error: Timed out executing program distributions/robust/arithmetic/basics/test_array_of_distributed_array2] (03/09/12, 04/06/12)
[Error: Timed out executing program distributions/robust/arithmetic/basics/test_distributed_array_of_array1]
[Error: Timed out executing program distributions/robust/arithmetic/basics/test_distributed_array_of_array2] (03/09/12)

nondet. segfault
----------------
[Error matching program output for distributions/dm/s7] (02/02/12, 02/15/12)
[Error matching program output for distributions/robust/arithmetic/kernels/hpl (compopts: 1)] (03/27/12)
[Error matching program output for distributions/robust/arithmetic/basics/test_array_of_distributed_array2] (03/27/12)
[Error matching program output for distributions/robust/arithmetic/modules/test_module_Search] (03/13/12)
[Error matching program output for multilocale/diten/oneOrMoreLocales/1DBlockDistributedJacobi] (02/15/12, 02/24/12, 03/13/12, 03/17/12, 04/07/12)

new timeouts (02/02/12)
-----------------------
[Error: Timed out executing program multilocale/deitz/needMultiLocales/mdblock/test_block2d_jacobi]
[Error: Timed out executing program multilocale/deitz/needMultiLocales/test_large_nb_fork_bug_diten]
[Error: Timed out executing program multilocale/diten/needMultiLocales/matrixVecMult]
[Error: Timed out executing program multilocale/gbt/hello-numThreads-1]

??? (01/31/12)
--------------
[Error: Timed out executing program distributions/bradc/extremeBlock]

nondet. seg fault
-----------------
[Error matching program output for release/examples/benchmarks/hpcc/ptrans] (01/16/12)
[Error matching program output for multilocale/diten/oneOrMoreLocales/1DBlockDistributedJacobi] (02/07/12)

nondet. execution timeouts
--------------------------
[Error: Timed out executing program distributions/robust/arithmetic/kernels/stream] (03/15/12, 04/06/12)
[Error: Timed out executing program multilocale/deitz/needMultiLocales/raCommCheck (compopts: 1)] (02/02/12, 02/10/12, 02/16/12, 02/21/12, 03/06/12, 03/21/12, 03/31/12, 04/05/12)
[Error: Timed out executing program multilocale/diten/needMultiLocales/coforallon_maxThreads] (02/06/12, 02/10/12, 02/14/12, 02/23/12, 02/27/12, 02/29/12, 03/04/12, 03/07/12, 04/08/12)
[Error: Timed out executing program distributions/dm/s7] (01/31/12, 02/03/12, 02/16/12)
[Error: Timed out executing program release/examples/benchmarks/hpcc/fft] (12/03/11, 12/05/11, 12/07/11, 12/09/11, 12/12/11, 12/17/11, 12/22/11, 12/26/11, 12/28/11, 01/03/12, 01/07/12, 01/13/12, 01/19/12, 01/26/12, 01/29/12, 02/06/12, 02/14/12, 02/22/12, 02/25/12, 02/27/12, 03/04/12, 03/09/12, 03/15/12, 03/20/12, 03/24/12, 04/05/12, 04/07/12)
[Error: Timed out executing program release/examples/benchmarks/hpcc/ra (compopts: 1)] (12/08/11, 12/13/11, 12/15/11, 12/21/11, 01/01/12, 01/06/12, 01/15/12, 01/21/12, 01/24/12, 01/26/12, 02/10/12, 02/13/12, 02/16/12, 02/21/12, 02/28/12, 03/06/12, 03/09/12, 03/11/12, 03/13/12, 03/18/12, 03/23/12, 03/27/12, 04/05/12, 04/08/12)
[Error: Timed out executing program release/examples/benchmarks/hpcc/variants/ra-cleanloop (compopts: 1)] (12/07/11, 12/15/11, 12/17/11, 12/27/11, 12/30/11, 01/03/12, 01/13/12, 01/15/12, 01/17/12, 01/19/12, 01/22/12, 01/30/12, 02/03/12, 02/10/12, 02/13/12, 02/21/12, 02/26/12, 02/29/12, 03/02/12, 03/04/12, 03/08/12, 03/18/12, 03/22/12, 03/24/12, 03/31/12)
[Error: Timed out executing program release/examples/benchmarks/hpcc/stream] (12/05/11, 12/11/11, 12/14/11, 12/16/11, 12/18/11, 12/21/11, 12/27/11, 01/01/12, 01/04/12, 01/08/12, 01/14/12, 01/23/12, 01/26/12, 02/03/12, 02/06/12, 02/08/12, 02/15/12, 03/01/12, 03/03/12, 03/07/12, 03/09/12, 03/14/12, 03/17/12, 03/20/12, 03/22/12, 03/25/12, 03/31/12, 04/08/12)
[Error: Timed out executing program release/examples/benchmarks/hpcc/stream-promoted] (12/05/11, 12/06/11, 12/10/11, 12/17/11, 12/21/11, 12/28/11, 01/01/12, 01/04/12, 01/08/12, 01/13/12, 01/16/12, 01/21/12, 01/23/12, 01/29/12, 02/06/12, 02/09/12, 02/13/12, 02/15/12, 02/25/12, 03/04/12, 03/06/12, 03/14/12, 03/23/12, 04/03/12, 04/05/12)
[Error: Timed out executing program release/examples/hello6-taskpar-dist] (09/29/11)

execution timeouts (ever since switching to 4 shepherds)
--------------------------------------------------------
[Error: Timed out executing program release/examples/benchmarks/hpcc/hpl]


=======================
qthreads-specific tests
=======================

=========================================================
qthreads+gasnet-specific tests (in addition to the above)
=========================================================

nondet. seg fault
-----------------
[Error matching program output for release/examples/benchmarks/hpcc/ptrans] (08/07/12)

claim that 257 threads is too high -- 255 is the limit; but why showing up now?
(08/07/12)

fails because we add an extra arg which breaks the intent of this test
-- proposed fix is to support ability to set/override configs using
env vars (08/07/12)
----------------------------------------------------------------------
[Error matching program output for multilocale/numLocales/bradc/printNumLocalesMissingArg]

failed since adding more multilocale directories (01/31/12)
-----------------------------------------------------------
[Error: Timed out executing program distributions/bradc/extremeBlock]
[Error: Timed out executing program distributions/nelson/MultiBlockDist2DLocales]

nondet. execution timeout/deadlock
----------------------------------
[Error: Timed out executing program release/examples/benchmarks/ssca2/SSCA2_main (compopts: 1, execopts: 1)] (02/29/12, 03/03/12, 03/16/12)
[Error: Timed out executing program release/examples/benchmarks/ssca2/SSCA2_main (compopts: 2, execopts: 1)] (03/16/12, 04/06/12, 04/08/12)
[Error: Timed out executing program release/examples/benchmarks/ssca2/SSCA2_main (compopts: 3, execopts: 1)] (03/16/12)
[Error: Timed out executing program release/examples/benchmarks/ssca2/SSCA2_main (compopts: 4, execopts: 1)] (03/16/12)
[Error: Timed out executing program release/examples/benchmarks/ssca2/SSCA2_main (compopts: 5, execopts: 1)] (03/16/12)

[Error: Timed out executing program distributions/robust/arithmetic/stress/test_many_domains] (09/14/12)
[Error: Timed out executing program multilocale/diten/needMultiLocales/beginInOn]             (09/14/12)


=======================
baseline-specific tests
=======================

seg fault (don't know when it started, noticed 10/16/12)
--------------------------------------------------------
[Error matching program output for distributions/nelson/MultiBlockDist2DLocales]

wrong output (02/16/12 -- first run in awhile)
----------------------------------------------
[Error matching program output for arrays/deitz/part7/test_descriptor_frees]
[Error matching program output for memory/figueroa/LeakedMemory2]
[Error matching program output for memory/figueroa/LeakedMemoryArrayOfClasses]

problems in generated code (02/16/12 -- first run in awhile)
------------------------------------------------------------
[Error matching compiler output for types/typedefs/bradc/redefineTypeNames]

error: likely type-punning may break strict-aliasing rules
----------------------------------------------------------
[Error matching compiler output for types/atomic/sungeun/atomic_vars]

times out (since checked in)
----------------------------
[Error: Timed out executing program studies/lulesh/sungeun/lulesh (compopts: 1)]

Bad suppression format (01/05/12)
---------------------------------
[Error: did not find expected suppression optimizations/hilde/removeUnreachable]

.good assumes dead code elimination has run (since added)
---------------------------------------------------------
[Error: didn't find expected suppression optimizations/hilde/removeUnreachable]

never worked (02/24/11)
-----------------------
[Error matching compiler output for extern/bradc/copyExternRecord/extern_test (compopts: 1)]

incorrect output -- expected? (04/03/10)
----------------------------------------
[Error matching program output for arrays/deitz/parallelism/stream/test_stream_is_parallel]
[Error matching program output for arrays/deitz/parallelism/stream/test_whole_array_stream_is_parallel]

??? (wrong output)
------------------
[Error matching program output for classes/figueroa/RecordConstructor2]

??? (wrong output)
------------------
[Error matching program output for studies/shootout/mandelbrot/mandelbrot-fancy]

attempt to dereference nil OR timedexec: target program died with signal 11
---------------------------------------------------------------------------
(happens before any output is generated)
[Error matching program output for studies/hpcc/HPL/vass/bl.md] (already fails in 8/16/12)
[Error matching program output for optimizations/bulkcomm/asenjo/ptransDR/v2/ptrans] (since added, 9/29/12)
[Error matching program output for optimizations/bulkcomm/asenjo/ptransDR/v1/ptrans] (ditto)
[Error matching program output for optimizations/bulkcomm/asenjo/stencilDR/v2/stencil] (ditto)
[Error matching program output for optimizations/bulkcomm/asenjo/stencilDR/v1/stencil] (ditto)
[Error matching program output for studies/590o/blerner/nilClassCheck]


C90 error
---------
[Error matching compiler output for types/typedefs/bradc/redefineTypeNames]

> In file included from /tmp/chpl-chapelu-22614.deleteme/_main.c:27:
> /tmp/chpl-chapelu-22614.deleteme/redefineTypeNames.c: In function 'chpl_user_main':
> /tmp/chpl-chapelu-22614.deleteme/redefineTypeNames.c:16: error: two or more data types in declaration specifiers
> cc1: warnings being treated as errors
> /tmp/chpl-chapelu-22614.deleteme/redefineTypeNames.c:16: error: useless type name in empty declaration
> /tmp/chpl-chapelu-22614.deleteme/redefineTypeNames.c:32: error: expected identifier or '(' before '=' token
> /tmp/chpl-chapelu-22614.deleteme/redefineTypeNames.c:32: error: ISO C90 forbids mixed declarations and code
> /tmp/chpl-chapelu-22614.deleteme/redefineTypeNames.c:38: error: expected expression before '_Bool'
> /tmp/chpl-chapelu-22614.deleteme/redefineTypeNames.c:38: error: too few arguments to function 'writeln5'
> gmake: *** [/tmp/chpl-chapelu-22614.deleteme/redefineTypeNames.tmp] Error 1
> error: compiling generated source


=====================
mpi-specific failures
=====================

nondet. execution timeout
-------------------------
[Error: Timed out executing program release/examples/benchmarks/ssca2/SSCA2_main (compopts: 1, execopts: 1)]

mpi abort messages show up (ever since spec tests added to examples testing)
----------------------------------------------------------------------------
[Error matching program output for release/examples/spec/Arrays/sparse-error]
[Error matching program output for release/examples/spec/Classes/thisMethod]
[Error matching program output for release/examples/spec/Functions/variable-functions]


========================
xmt-specific regressions
========================

problem after int->64-bit commit was checked in (03/27/12)
----------------------------------------------------------
*all*

*compiler always fails on first link; XMT alerted but not developing compiler*

warnings due to: (02/10/12 after months of broken builds)
- full-empty bit on non-word data
- nested forall pragmas
- some bad struct generation (identifier in wrong place; reference to super)
----------------------------------------------------------------------------
[Error matching compiler output for release/examples/benchmarks/hpcc/fft]
[Error matching compiler output for release/examples/benchmarks/hpcc/hpl]
[Error matching compiler output for release/examples/primers/arrays]
[Error matching compiler output for release/examples/primers/classes]
[Error matching compiler output for release/examples/primers/fileIO]
[Error matching compiler output for release/examples/primers/opaque]
[Error matching compiler output for release/examples/programs/norm]
[Error matching compiler output for release/examples/spec/Classes/declaration]
[Error matching compiler output for release/examples/spec/Classes/defaultConstructor]
[Error matching compiler output for release/examples/spec/Classes/delete]
[Error matching compiler output for release/examples/spec/Classes/getterSetter]
[Error matching compiler output for release/examples/spec/Classes/implicitThis]
[Error matching compiler output for release/examples/spec/Input_and_Output/UserWriter]
[Error matching compiler output for release/examples/spec/Task_Parallelism_and_Synchronization/syncMethods]
[Error matching compiler output for release/examples/benchmarks/ssca2/SSCA2_main (compopts: 1)]
[Error matching compiler output for release/examples/benchmarks/ssca2/SSCA2_main (compopts: 2)]
[Error matching compiler output for release/examples/benchmarks/ssca2/SSCA2_main (compopts: 3)]
[Error matching compiler output for release/examples/benchmarks/ssca2/SSCA2_main (compopts: 4)]
[Error matching compiler output for release/examples/benchmarks/ssca2/SSCA2_main (compopts: 5)]
[Error: Timed out compilation for release/examples/hello]


assertion failed: f.is_FILBlock() || f.is_FILScope() || f.is_FILEndScope()
--------------------------------------------------------------------------
[Error matching compiler output for release/examples/benchmarks/hpcc/fft]
[Error matching compiler output for release/examples/primers/arrays]

unresolved sync variable calls (04/09/11 -- once spec examples added)
---------------------------------------------------------------------
[Error matching compiler output for release/examples/spec/Task_Parallelism_and_Synchronization/syncMethods]

nondet. compilation timeout
---------------------------
[Error: Timed out compilation for release/examples/hello] (10/01/11, 10/02/11, 10/04/11, 10/07/11, 10/12/11, 10/19/11, 10/20/11, 10/23/11, 10/29/11, 11/09/11, 03/10/12, 03/16/12, 03/23/12)
[Error: Timed out compilation for release/examples/primers/arrays] (03/23/12)
[Error: Timed out compilation for release/examples/spec/Arrays/slicing] (02/18/12)

internal translate errors (08/??/12)
-----------------------------------
A few tests report "translate(tile tree creation): internal error"


=======================================================
xmt-sim specific regressions (in addition to the above)
=======================================================

internal translate errors (04/??/12)
------------------------------------
*all*


warning: full/empty bit modified on less than word-sized data (05/24/11)
(due to new release candidate)
------------------------------------------------------------------------
*all*

nondet. compilation timeout
---------------------------
[Error: Timed out compilation for release/examples/primers/arrays] (10/01/11, 10/06/11, 10/26/11, 11/07/11, 02/16/12)

array index out of bounds due to bug in XMT compiler
----------------------------------------------------
[Error matching program output for release/examples/benchmarks/hpcc/hpl]
[Error matching program output for release/examples/benchmarks/hpcc/ptrans]
[Error matching program output for release/examples/primers/distributions]

sparse regression recurred after latest range changes (03/17/11)
----------------------------------------------------------------
[Error matching program output for release/examples/primers/sparse]

identifier "INFINITY" is undefined; identifier "NAN" is undefined
-----------------------------------------------------------------
This compilation error seems reported for any test that uses INFINITY or NAN.
As of 10/1/12, 176 tests get the INFINITY error.

execution timeouts
------------------
[Error: Timed out executing program release/examples/benchmarks/hpcc/hpl]
[Error: Timed out executing program release/examples/programs/prodCons]
[Error: Timed out executing program release/examples/programs/quicksort]
[Error: Timed out executing program release/examples/primers/timers]


